GowinSynthesis start
Running parser ...
Analyzing Verilog file '/opt/Gowin/IDE/ipcore/FIFO_HS/data/fifo_hs.v'
Analyzing included file 'fifo_define.v'("/opt/Gowin/IDE/ipcore/FIFO_HS/data/fifo_hs.v":15293)
Back to file '/opt/Gowin/IDE/ipcore/FIFO_HS/data/fifo_hs.v'("/opt/Gowin/IDE/ipcore/FIFO_HS/data/fifo_hs.v":15293)
Analyzing included file '/opt/Gowin/IDE/ipcore/FIFO_HS/data/static_macro_define.v'("/opt/Gowin/IDE/ipcore/FIFO_HS/data/fifo_hs.v":15293)
Back to file '/opt/Gowin/IDE/ipcore/FIFO_HS/data/fifo_hs.v'("/opt/Gowin/IDE/ipcore/FIFO_HS/data/fifo_hs.v":15293)
Analyzing included file 'fifo_parameter.v'("/opt/Gowin/IDE/ipcore/FIFO_HS/data/fifo_hs.v":15293)
Back to file '/opt/Gowin/IDE/ipcore/FIFO_HS/data/fifo_hs.v'("/opt/Gowin/IDE/ipcore/FIFO_HS/data/fifo_hs.v":15293)
Analyzing included file 'fifo_define.v'("/opt/Gowin/IDE/ipcore/FIFO_HS/data/fifo_hs.v":15293)
Back to file '/opt/Gowin/IDE/ipcore/FIFO_HS/data/fifo_hs.v'("/opt/Gowin/IDE/ipcore/FIFO_HS/data/fifo_hs.v":15293)
Analyzing included file '/opt/Gowin/IDE/ipcore/FIFO_HS/data/static_macro_define.v'("/opt/Gowin/IDE/ipcore/FIFO_HS/data/fifo_hs.v":15293)
Back to file '/opt/Gowin/IDE/ipcore/FIFO_HS/data/fifo_hs.v'("/opt/Gowin/IDE/ipcore/FIFO_HS/data/fifo_hs.v":15293)
Analyzing Verilog file '/opt/Gowin/IDE/ipcore/FIFO_HS/data/fifo_hs_top.v'
Analyzing included file 'fifo_define.v'("/opt/Gowin/IDE/ipcore/FIFO_HS/data/fifo_hs_top.v":1)
Back to file '/opt/Gowin/IDE/ipcore/FIFO_HS/data/fifo_hs_top.v'("/opt/Gowin/IDE/ipcore/FIFO_HS/data/fifo_hs_top.v":1)
Analyzing included file '/opt/Gowin/IDE/ipcore/FIFO_HS/data/static_macro_define.v'("/opt/Gowin/IDE/ipcore/FIFO_HS/data/fifo_hs_top.v":2)
Back to file '/opt/Gowin/IDE/ipcore/FIFO_HS/data/fifo_hs_top.v'("/opt/Gowin/IDE/ipcore/FIFO_HS/data/fifo_hs_top.v":2)
Analyzing included file 'fifo_parameter.v'("/opt/Gowin/IDE/ipcore/FIFO_HS/data/fifo_hs_top.v":57)
Back to file '/opt/Gowin/IDE/ipcore/FIFO_HS/data/fifo_hs_top.v'("/opt/Gowin/IDE/ipcore/FIFO_HS/data/fifo_hs_top.v":57)
Compiling module 'FIFO_HS_Top'("/opt/Gowin/IDE/ipcore/FIFO_HS/data/fifo_hs_top.v":4)
Compiling module '**'("/opt/Gowin/IDE/ipcore/FIFO_HS/data/fifo_hs.v":0)
Extracting RAM for identifier '**'("/opt/Gowin/IDE/ipcore/FIFO_HS/data/fifo_hs.v":0)
NOTE  (EX0101) : Current top module is "FIFO_HS_Top"
[5%] Running netlist conversion ...
Running device independent optimization ...
[10%] Optimizing Phase 0 completed
[15%] Optimizing Phase 1 completed
[25%] Optimizing Phase 2 completed
Running inference ...
[30%] Inferring Phase 0 completed
[40%] Inferring Phase 1 completed
[50%] Inferring Phase 2 completed
[55%] Inferring Phase 3 completed
Running technical mapping ...
[60%] Tech-Mapping Phase 0 completed
[65%] Tech-Mapping Phase 1 completed
[75%] Tech-Mapping Phase 2 completed
[80%] Tech-Mapping Phase 3 completed
[90%] Tech-Mapping Phase 4 completed
[95%] Generate netlist file "/home/ryos/FPGA/Gowin/try_forth/src/fifo_hs/temp/FIFOHS/fifo_hs.vg" completed
Generate template file "/home/ryos/FPGA/Gowin/try_forth/src/fifo_hs/temp/FIFOHS/fifo_hs_tmp.v" completed
[100%] Generate report file "/home/ryos/FPGA/Gowin/try_forth/src/fifo_hs/temp/FIFOHS/fifo_hs_syn.rpt.html" completed
GowinSynthesis finish
